Loading required package: data.table
Read 69.5% of 934732 rowsRead 98.4% of 934732 rowsRead 934732 rows and 16 (of 16) columns from 0.116 GB file in 00:00:04
[1] "IN DEBUGGING MODE"
[1] "using  /scratch/PI/horence/gillian/SEQC_study_set/circpipe_SEQC/circReads/ids/SRR896749_1__output_FJ.txt"
[1] "IN DEBUGGING MODE"
Warning messages:
1: In if (my.names != "none") { :
  the condition has length > 1 and only the first element will be used
2: In `names<-.data.table`(`*tmp*`, value = c("id", "class", "pos",  :
  The names(x)<-value syntax copies the whole table. This is due to <- in R itself. Please change to setnames(x,old,new) which does not copy and is faster. See help('setnames'). You can safely ignore this warning if it is inconvenient to change right now. Setting options(warn=2) turns this warning into an error, so you can then use traceback() to find and change your names<- calls.
[1] "using  /scratch/PI/horence/gillian/SEQC_study_set/circpipe_SEQC/circReads/ids/SRR896749_output_RegIndel.txt  and  /scratch/PI/horence/gillian/SEQC_study_set/circpipe_SEQC/circReads/ids/SRR896749_output_FJIndels.txt"
[1] "IN DEBUGGING MODE"
[1] "IN DEBUGGING MODE"
Warning messages:
1: In if (my.names != "none") { :
  the condition has length > 1 and only the first element will be used
2: In `names<-.data.table`(`*tmp*`, value = c("id", "class", "pos",  :
  The names(x)<-value syntax copies the whole table. This is due to <- in R itself. Please change to setnames(x,old,new) which does not copy and is faster. See help('setnames'). You can safely ignore this warning if it is inconvenient to change right now. Setting options(warn=2) turns this warning into an error, so you can then use traceback() to find and change your names<- calls.
3: In if (my.names != "none") { :
  the condition has length > 1 and only the first element will be used
4: In `names<-.data.table`(`*tmp*`, value = c("id", "class", "pos",  :
  The names(x)<-value syntax copies the whole table. This is due to <- in R itself. Please change to setnames(x,old,new) which does not copy and is faster. See help('setnames'). You can safely ignore this warning if it is inconvenient to change right now. Setting options(warn=2) turns this warning into an error, so you can then use traceback() to find and change your names<- calls.
[1] "class info processed 934732" "class info processed 16"    
[1] "check if syntax for multiple makes sense"
Warning messages:
1: In `[.data.table`(dt, , `:=`(pos = NULL, aScoreR2 = NULL, numNR2 = NULL,  :
  Adding new column 'adjScoreR2' then assigning NULL (deleting it).
2: In `[.data.table`(dt, , `:=`(pos = NULL, aScoreR2 = NULL, numNR2 = NULL,  :
  Adding new column 'adjScore' then assigning NULL (deleting it).
[1] "finished circ_reads"
[1] "check if syntax for multiple makes sense"
Warning messages:
1: In `[.data.table`(dt, , `:=`(pos = NULL, aScoreR2 = NULL, numNR2 = NULL,  :
  Adding new column 'adjScoreR2' then assigning NULL (deleting it).
2: In `[.data.table`(dt, , `:=`(pos = NULL, aScoreR2 = NULL, numNR2 = NULL,  :
  Adding new column 'adjScore' then assigning NULL (deleting it).
[1] "finished decoy_reads"
[1] "check if syntax for multiple makes sense"
Warning messages:
1: In `[.data.table`(dt, , `:=`(pos = NULL, aScoreR2 = NULL, numNR2 = NULL,  :
  Adding new column 'adjScoreR2' then assigning NULL (deleting it).
2: In `[.data.table`(dt, , `:=`(pos = NULL, aScoreR2 = NULL, numNR2 = NULL,  :
  Adding new column 'adjScore' then assigning NULL (deleting it).
[1] "finished linear_reads"
[1] "finished anomaly_reads"
[1] "Finished reg indels"
[1] "check if syntax for multiple makes sense"
[1] "Finished FJ indels"
Warning messages:
1: In `[.data.table`(dt, , `:=`(pos = NULL, aScoreR2 = NULL, numNR2 = NULL,  :
  Adding new column 'adjScoreR2' then assigning NULL (deleting it).
2: In `[.data.table`(dt, , `:=`(pos = NULL, aScoreR2 = NULL, numNR2 = NULL,  :
  Adding new column 'adjScore' then assigning NULL (deleting it).
[1] "check if syntax for multiple makes sense"
[1] "ANOMALY fusions defined as FJ bad-- of any variety"
[1] "check if syntax for multiple makes sense"
                   id qual
 1: SRR896749.1028643   42
 2: SRR896749.1079187   42
 3: SRR896749.1914511    3
 4: SRR896749.2446543    0
 5: SRR896749.3802327    0
 6:  SRR896749.397748   23
 7: SRR896749.4035785    0
 8: SRR896749.4966142   23
 9: SRR896749.4994508   24
10: SRR896749.5834134    3
11: SRR896749.6074670    3
12: SRR896749.6174905    0
13: SRR896749.6636975    3
                                                     junction qualR2 is.pos
 1:     chr15:HERC2P3:20648624:-|chr15:HERC2P2:23313307:-|rev     31      1
 2:     chr15:HERC2P3:20648624:-|chr15:HERC2P2:23313307:-|rev     30      1
 3:  chr16:PKD1P1:16417146:+|chr16:PKD1:2161872:-|strandcross      1      1
 4:         chr17:NAGLU:40689563:+|chr17:TUBG2:40812167:+|reg     42      1
 5:        chr2:FAHD2A:96076334:+|chr2:FAHD2CP:96686873:+|reg      1      1
 6:    chr10:BMS1:43315872:+|chr22:LOC96610:22664101:+|fusion     38      1
 7:  chr16:PKD1P1:16417146:+|chr16:PKD1:2161872:-|strandcross      1      1
 8:           chr17:BPTF:65822453:+|chr17:AMZ2:66246329:+|reg     23      1
 9: chr1:LOC100288069:704877:-|chr1:LOC731275:243255496:-|rev     25      1
10:    chr15:GOLGA8A:34678826:-|chr15:GOLGA8DP:22711973:-|reg      0      1
11:  chr16:PKD1P1:16417146:+|chr16:PKD1:2161872:-|strandcross      0      1
12: chr9:LOC100132352:68727638:+|chr4:FRG1:190864357:+|fusion      2      1
13:       chr10:SPRNP1:135382772:-|chr10:SPRN:135237201:-|reg      3      1
    overlap   lenAdjScore lenAdjScoreR2 is.anomaly
 1:      48 -1.010101e-05 -1.020408e-05          1
 2:      44 -1.052632e-05 -1.010101e-05          1
 3:      29 -1.500100e-01 -1.000000e-05          1
 4:      15 -2.300100e-01 -1.000000e-05          1
 5:      41 -1.979271e-01 -1.063830e-05          1
 6:      47 -1.200100e-01 -1.000000e-05          1
 7:      29 -1.700100e-01 -1.000000e-05          1
 8:      42 -1.111212e-01 -1.010202e-01          1
 9:      36 -8.422105e-02 -2.704054e-02          1
10:      29 -1.500100e-01 -2.300100e-01          1
11:      48 -1.500100e-01 -8.001000e-02          1
12:      32 -2.323333e-01 -1.600100e-01          1
13:      41 -1.500100e-01 -1.600100e-01          1
Warning messages:
1: In `[.data.table`(dt, , `:=`(pos = NULL, aScoreR2 = NULL, numNR2 = NULL,  :
  Adding new column 'adjScoreR2' then assigning NULL (deleting it).
2: In `[.data.table`(dt, , `:=`(pos = NULL, aScoreR2 = NULL, numNR2 = NULL,  :
  Adding new column 'adjScore' then assigning NULL (deleting it).
3: In `[.data.table`(dt, , `:=`(pos = NULL, aScoreR2 = NULL, numNR2 = NULL,  :
  Adding new column 'adjScoreR2' then assigning NULL (deleting it).
4: In `[.data.table`(dt, , `:=`(pos = NULL, aScoreR2 = NULL, numNR2 = NULL,  :
  Adding new column 'adjScore' then assigning NULL (deleting it).
[1] "not using all data only 3 parameters"
[1] "calling linear decoy model"
[1] "1 total reads: 10041"
[1] "both negative 31 out of  41"
[1] "both positive 7684 out of  10000"
[1] "classification errors 2326 out of 10041 0.231650234040434"
                 Estimate  Std. Error    z value    Pr(>|z|)
(Intercept)   -4.50454140  2.40025529 -1.8766926 0.060560234
overlap        0.08190341  0.06354522  1.2888996 0.197433000
lenAdjScore   45.76192777 20.30106466  2.2541639 0.024185857
qual           0.08741076  0.03222421  2.7125805 0.006676156
lenAdjScoreR2 -3.46241726 12.33694123 -0.2806544 0.778975461
qualR2         0.05876073  0.03497958  1.6798583 0.092984896
[1] "2 total reads: 10041"
[1] "both negative 0 out of  41"
[1] "both positive 0 out of  10000"
[1] "classification errors 10041 out of 10041 1"
                 Estimate  Std. Error    z value  Pr(>|z|)
(Intercept)   -11.3894557  14.8523801 -0.7668438 0.4431744
overlap         0.1485185   0.2844499  0.5221252 0.6015832
lenAdjScore   137.3748068 179.4970071  0.7653320 0.4440739
qual            0.2524701   0.2563199  0.9849805 0.3246336
lenAdjScoreR2  -8.5732227  67.8814893 -0.1262969 0.8994969
qualR2          0.1637244   0.2427380  0.6744902 0.4999997
[1] "before setnames"
[1] "junction" "numReads" "iter_2"  
[1] "after setnames"
[1] "junction"    "numReads"    "p_predicted"
Warning messages:
1: In eval(expr, envir, enclos) :
  non-integer #successes in a binomial glm!
2: In eval(expr, envir, enclos) :
  non-integer #successes in a binomial glm!
3: glm.fit: fitted probabilities numerically 0 or 1 occurred 
[1] "check if syntax for multiple makes sense"
Warning messages:
1: In `[.data.table`(dt, , `:=`(pos = NULL, aScoreR2 = NULL, numNR2 = NULL,  :
  Adding new column 'adjScoreR2' then assigning NULL (deleting it).
2: In `[.data.table`(dt, , `:=`(pos = NULL, aScoreR2 = NULL, numNR2 = NULL,  :
  Adding new column 'adjScore' then assigning NULL (deleting it).
Error in rbindlist(l, use.names, fill) : 
  Item 2 has 9 columns, inconsistent with item 1 which has 12 columns. If instead you need to fill missing columns, use set argument 'fill' to TRUE.
Calls: rbind -> rbind -> <Anonymous> -> rbindlist
Execution halted
