Loading required package: data.table
Read 66.3% of 994998 rowsRead 93.5% of 994998 rowsRead 994998 rows and 16 (of 16) columns from 0.122 GB file in 00:00:04
[1] "IN DEBUGGING MODE"
[1] "using  /scratch/PI/horence/gillian/SEQC_study_set/circpipe_SEQC/circReads/ids/SRR896702_1__output_FJ.txt"
[1] "IN DEBUGGING MODE"
Warning messages:
1: In if (my.names != "none") { :
  the condition has length > 1 and only the first element will be used
2: In `names<-.data.table`(`*tmp*`, value = c("id", "class", "pos",  :
  The names(x)<-value syntax copies the whole table. This is due to <- in R itself. Please change to setnames(x,old,new) which does not copy and is faster. See help('setnames'). You can safely ignore this warning if it is inconvenient to change right now. Setting options(warn=2) turns this warning into an error, so you can then use traceback() to find and change your names<- calls.
[1] "using  /scratch/PI/horence/gillian/SEQC_study_set/circpipe_SEQC/circReads/ids/SRR896702_output_RegIndel.txt  and  /scratch/PI/horence/gillian/SEQC_study_set/circpipe_SEQC/circReads/ids/SRR896702_output_FJIndels.txt"
[1] "IN DEBUGGING MODE"
[1] "IN DEBUGGING MODE"
Warning messages:
1: In if (my.names != "none") { :
  the condition has length > 1 and only the first element will be used
2: In `names<-.data.table`(`*tmp*`, value = c("id", "class", "pos",  :
  The names(x)<-value syntax copies the whole table. This is due to <- in R itself. Please change to setnames(x,old,new) which does not copy and is faster. See help('setnames'). You can safely ignore this warning if it is inconvenient to change right now. Setting options(warn=2) turns this warning into an error, so you can then use traceback() to find and change your names<- calls.
3: In if (my.names != "none") { :
  the condition has length > 1 and only the first element will be used
4: In `names<-.data.table`(`*tmp*`, value = c("id", "class", "pos",  :
  The names(x)<-value syntax copies the whole table. This is due to <- in R itself. Please change to setnames(x,old,new) which does not copy and is faster. See help('setnames'). You can safely ignore this warning if it is inconvenient to change right now. Setting options(warn=2) turns this warning into an error, so you can then use traceback() to find and change your names<- calls.
[1] "class info processed 994998" "class info processed 16"    
[1] "check if syntax for multiple makes sense"
Warning messages:
1: In `[.data.table`(dt, , `:=`(pos = NULL, aScoreR2 = NULL, numNR2 = NULL,  :
  Adding new column 'adjScoreR2' then assigning NULL (deleting it).
2: In `[.data.table`(dt, , `:=`(pos = NULL, aScoreR2 = NULL, numNR2 = NULL,  :
  Adding new column 'adjScore' then assigning NULL (deleting it).
[1] "finished circ_reads"
[1] "check if syntax for multiple makes sense"
Warning messages:
1: In `[.data.table`(dt, , `:=`(pos = NULL, aScoreR2 = NULL, numNR2 = NULL,  :
  Adding new column 'adjScoreR2' then assigning NULL (deleting it).
2: In `[.data.table`(dt, , `:=`(pos = NULL, aScoreR2 = NULL, numNR2 = NULL,  :
  Adding new column 'adjScore' then assigning NULL (deleting it).
[1] "finished decoy_reads"
[1] "check if syntax for multiple makes sense"
Warning messages:
1: In `[.data.table`(dt, , `:=`(pos = NULL, aScoreR2 = NULL, numNR2 = NULL,  :
  Adding new column 'adjScoreR2' then assigning NULL (deleting it).
2: In `[.data.table`(dt, , `:=`(pos = NULL, aScoreR2 = NULL, numNR2 = NULL,  :
  Adding new column 'adjScore' then assigning NULL (deleting it).
[1] "finished linear_reads"
[1] "finished anomaly_reads"
[1] "Finished reg indels"
[1] "check if syntax for multiple makes sense"
[1] "Finished FJ indels"
Warning messages:
1: In `[.data.table`(dt, , `:=`(pos = NULL, aScoreR2 = NULL, numNR2 = NULL,  :
  Adding new column 'adjScoreR2' then assigning NULL (deleting it).
2: In `[.data.table`(dt, , `:=`(pos = NULL, aScoreR2 = NULL, numNR2 = NULL,  :
  Adding new column 'adjScore' then assigning NULL (deleting it).
[1] "check if syntax for multiple makes sense"
[1] "ANOMALY fusions defined as FJ bad-- of any variety"
[1] "check if syntax for multiple makes sense"
                   id qual
 1: SRR896702.1005676    0
 2: SRR896702.1790297    8
 3: SRR896702.1955584   24
 4: SRR896702.3104438    0
 5: SRR896702.3250062   23
 6: SRR896702.3955761   42
 7: SRR896702.5200057    0
 8: SRR896702.5364216    0
 9:  SRR896702.570337   40
10: SRR896702.5711437    3
11:  SRR896702.657987   40
12:  SRR896702.946444    4
                                                         junction qualR2 is.pos
 1:        chr17:RAC3:79991475:+|chr17:CD7:80275480:-|strandcross     40      1
 2: chr15:HERC2P9:28926989:+|chr15:HERC2P2:23283153:-|strandcross     40      1
 3:     chr1:LOC100288069:704877:-|chr1:LOC731275:243255496:-|rev     39      1
 4:            chr15:RAD51:40994124:+|chr15:NUSAP1:41663725:+|reg      3      1
 5:       chr1:NBPF1:16921087:-|chr1:NBPF3:21793489:+|strandcross      0      1
 6:     chr1:CROCCP2:16952270:-|chr1:CROCC:17275294:+|strandcross     31      1
 7:   chr1:LOC731275:243220666:-|chr7:LINC00265:39828953:+|fusion      0      1
 8:  chr10:LOC399744:38726134:+|chr1:LOC731275:243242354:-|fusion      0      1
 9:          chr20:BCAS4:49411710:+|chr17:BCAS3:59445688:+|fusion      0      1
10: chr15:HERC2P9:28926989:+|chr15:HERC2P2:23283153:-|strandcross     40      1
11:          chr20:BCAS4:49411710:+|chr17:BCAS3:59445688:+|fusion      0      1
12:        chr10:BMS1:43312942:+|chr22:LOC96610:22661471:+|fusion      1      1
    overlap lenAdjScore lenAdjScoreR2 is.anomaly
 1:      14 -0.20203030 -5.001000e-02          1
 2:      43 -0.04001000 -5.103061e-02          1
 3:      17 -0.07369474 -1.000000e-05          1
 4:      46 -0.18368367 -1.600100e-01          1
 5:      33 -0.10001000 -2.200100e-01          1
 6:      29 -0.00001000 -1.041667e-05          1
 7:      32 -0.09001000 -8.001000e-02          1
 8:      39 -0.24001000 -1.010202e-01          1
 9:      26 -0.05001000 -2.000100e-01          1
10:      43 -0.05001000 -5.103061e-02          1
11:      26 -0.05001000 -2.000100e-01          1
12:      17 -0.11001000 -5.001000e-02          1
Warning messages:
1: In `[.data.table`(dt, , `:=`(pos = NULL, aScoreR2 = NULL, numNR2 = NULL,  :
  Adding new column 'adjScoreR2' then assigning NULL (deleting it).
2: In `[.data.table`(dt, , `:=`(pos = NULL, aScoreR2 = NULL, numNR2 = NULL,  :
  Adding new column 'adjScore' then assigning NULL (deleting it).
3: In `[.data.table`(dt, , `:=`(pos = NULL, aScoreR2 = NULL, numNR2 = NULL,  :
  Adding new column 'adjScoreR2' then assigning NULL (deleting it).
4: In `[.data.table`(dt, , `:=`(pos = NULL, aScoreR2 = NULL, numNR2 = NULL,  :
  Adding new column 'adjScore' then assigning NULL (deleting it).
[1] "not using all data only 3 parameters"
[1] "calling linear decoy model"
[1] "1 total reads: 10070"
[1] "both negative 52 out of  70"
[1] "both positive 8194 out of  10000"
[1] "classification errors 1824 out of 10070 0.181132075471698"
                  Estimate Std. Error    z value     Pr(>|z|)
(Intercept)   -1.776646048 1.28617476 -1.3813411 0.1671741076
overlap       -0.005558877 0.02835618 -0.1960376 0.8445807575
lenAdjScore   27.629894720 9.39294764  2.9415574 0.0032656630
qual           0.040946209 0.02108283  1.9421595 0.0521177930
lenAdjScoreR2 -4.622591071 5.95096651 -0.7767799 0.4372886473
qualR2         0.069642748 0.02059248  3.3819510 0.0007197297
[1] "2 total reads: 10070"
[1] "both negative 18 out of  70"
[1] "both positive 7671 out of  10000"
[1] "classification errors 2381 out of 10070 0.236444885799404"
                  Estimate  Std. Error    z value   Pr(>|z|)
(Intercept)    -4.66923742  3.97802370 -1.1737581 0.24049194
overlap        -0.01293141  0.08722878 -0.1482471 0.88214779
lenAdjScore    70.54780864 43.08102095  1.6375612 0.10151326
qual            0.11054031  0.06258093  1.7663578 0.07733585
lenAdjScoreR2 -12.72778664 16.27304959 -0.7821390 0.43413289
qualR2          0.17383107  0.07076853  2.4563328 0.01403631
[1] "before setnames"
[1] "junction" "numReads" "iter_2"  
[1] "after setnames"
[1] "junction"    "numReads"    "p_predicted"
Warning messages:
1: In eval(expr, envir, enclos) :
  non-integer #successes in a binomial glm!
2: In eval(expr, envir, enclos) :
  non-integer #successes in a binomial glm!
[1] "check if syntax for multiple makes sense"
Warning messages:
1: In `[.data.table`(dt, , `:=`(pos = NULL, aScoreR2 = NULL, numNR2 = NULL,  :
  Adding new column 'adjScoreR2' then assigning NULL (deleting it).
2: In `[.data.table`(dt, , `:=`(pos = NULL, aScoreR2 = NULL, numNR2 = NULL,  :
  Adding new column 'adjScore' then assigning NULL (deleting it).
[1] "check if syntax for multiple makes sense"
Warning messages:
1: In `[.data.table`(dt, , `:=`(pos = NULL, aScoreR2 = NULL, numNR2 = NULL,  :
  Adding new column 'adjScoreR2' then assigning NULL (deleting it).
2: In `[.data.table`(dt, , `:=`(pos = NULL, aScoreR2 = NULL, numNR2 = NULL,  :
  Adding new column 'adjScore' then assigning NULL (deleting it).
[1] "calling good anomaly bad anomaly model with .8 and .2 as thresholds"
[1] "1 total reads: 4169"
[1] "both negative 1231 out of  2032"
[1] "both positive 1956 out of  2137"
[1] "classification errors 982 out of 4169 0.235548093067882"
                  Estimate  Std. Error    z value      Pr(>|z|)
(Intercept)    -3.70315398 0.217992738 -16.987511  1.016108e-64
overlap        -0.02403042 0.003911462  -6.143591  8.067645e-10
lenAdjScore   -10.80712463 1.655138772  -6.529437  6.601730e-11
qual            0.11057865 0.004715877  23.448161 1.380253e-121
lenAdjScoreR2  -3.79464713 0.687545602  -5.519121  3.407002e-08
qualR2          0.03472609 0.003718167   9.339571  9.672518e-21
[1] "2 total reads: 4169"
[1] "both negative 1228 out of  2032"
[1] "both positive 1989 out of  2137"
[1] "classification errors 952 out of 4169 0.228352122811226"
                  Estimate  Std. Error    z value     Pr(>|z|)
(Intercept)    -7.07125840 0.480085966 -14.729150 4.189395e-49
overlap        -0.04390829 0.005969941  -7.354895 1.910776e-13
lenAdjScore   -20.48461702 3.094313217  -6.620085 3.589920e-11
qual            0.21395565 0.011954283  17.897824 1.226192e-71
lenAdjScoreR2  -6.87583574 0.964674606  -7.127622 1.021179e-12
qualR2          0.07014063 0.006198174  11.316338 1.089274e-29
[1] "before setnames"
[1] "junction" "numReads" "iter_2"  
[1] "after setnames"
[1] "junction"    "numReads"    "p_predicted"
Warning messages:
1: In eval(expr, envir, enclos) :
  non-integer #successes in a binomial glm!
2: In eval(expr, envir, enclos) :
  non-integer #successes in a binomial glm!
[1] "RECYCLING data-- not valid----- COULD SUBAMPLE, also, NEED TO SIMPLY ADD PREDICTORS and data to list"
[1] "Assigning null distribution for all linear reads"
[1] "junction" "numReads" "logsum"  
[1] "TESTNOW diff"
                                     junction V1
1:  chr17|KRT19:39684080|KRT19:39681525|reg|-  0
2:   chr1|RPL11:24021281|RPL11:24022288|reg|+  0
3: chr9|DNAJA1:33034328|DNAJA1:33036572|reg|+  0
4:    chr19|RPS5:58904854|RPS5:58905864|reg|+  0
5:   chr1|RPL11:24020403|RPL11:24021150|reg|+  0
6:   chr8|RPS20:56986619|RPS20:56986327|reg|-  0
[1] "TESTNOW diff"
                                     junction  V1
1:  chr17|KRT19:39684080|KRT19:39681525|reg|- 0.5
2:   chr1|RPL11:24021281|RPL11:24022288|reg|+ 0.7
3: chr9|DNAJA1:33034328|DNAJA1:33036572|reg|+ 0.8
4:    chr19|RPS5:58904854|RPS5:58905864|reg|+ 0.8
5:   chr1|RPL11:24020403|RPL11:24021150|reg|+ 0.8
6:   chr8|RPS20:56986619|RPS20:56986327|reg|- 0.5
                                  junction numReads     logsum q_1 q_2
1: chr10|A1CF:52569654|A1CF:52566640|reg|-        2 -0.2752996 0.9 0.9
2: chr10|A1CF:52569654|A1CF:52566640|reg|-        2 -0.2752996 0.9 0.9
3: chr10|A1CF:52570800|A1CF:52569802|reg|-        4 -0.4599922 0.9 0.9
4: chr10|A1CF:52570800|A1CF:52569802|reg|-        4 -0.4599922 0.9 0.9
5: chr10|A1CF:52570800|A1CF:52569802|reg|-        4 -0.4599922 0.9 0.9
6: chr10|A1CF:52570800|A1CF:52569802|reg|-        4 -0.4599922 0.9 0.9
          V1
1: 0.9787254
2: 0.9787254
3: 0.9997797
4: 0.9997797
5: 0.9997797
6: 0.9997797
[1] "using threshold of ** below** for p value approximated by "
[1] 5
[1] "exact calculation through sampling 10K p predicted"
[1] -0.1582368 -0.1145028 -0.1165815 -0.1142134 -1.4182364 -0.2206122
[1] -0.2722676 -0.4200319 -0.3593486 -5.4407742 -1.5400071 -0.5058478
[1]  -0.3862982 -11.6710421  -0.5187596  -5.6106290  -1.8677075  -0.8112011
[1]  -0.5051058 -12.0956971 -11.3120883  -5.7262589  -2.1058022  -1.2716687
[1]  -3.157932 -12.383387 -11.480306  -6.533556  -2.219833  -1.667769
Warning messages:
1: In (1/(1 + exp(sim.readps))) < p_predicted :
  longer object length is not a multiple of shorter object length
2: In (1/(1 + exp(sim.readps))) < p_predicted :
  longer object length is not a multiple of shorter object length
3: In (1/(1 + exp(sim.readps))) < p_predicted :
  longer object length is not a multiple of shorter object length
4: In (1/(1 + exp(sim.readps))) < p_predicted :
  longer object length is not a multiple of shorter object length
5: In (1/(1 + exp(sim.readps))) < p_predicted :
  longer object length is not a multiple of shorter object length
[1] "junction" "numReads" "logsum"  
[1] "TESTNOW diff"
                                          junction  V1
1:         chr16|MT1X:56717142|MT2A:56643175|rev|+ 0.1
2: chr13|RNASEH2B:51517530|RNASEH2B:51517457|dup|+ 0.1
3:      chr17|RPS6KB1:57992064|VMP1:57917129|rev|+ 0.9
4:        chr6|HLA-A:29912393|HLA-H:29858041|rev|+ 0.0
5:      chr6|GTPBP2:43591474|GTPBP2:43591532|dup|- 0.6
6:      chr5|GUSBP1:21497305|GUSBP1:21491430|rev|+ 0.7
[1] "TESTNOW diff"
                                          junction  V1
1:         chr16|MT1X:56717142|MT2A:56643175|rev|+ 0.2
2: chr13|RNASEH2B:51517530|RNASEH2B:51517457|dup|+ 0.1
3:      chr17|RPS6KB1:57992064|VMP1:57917129|rev|+ 0.9
4:        chr6|HLA-A:29912393|HLA-H:29858041|rev|+ 0.0
5:      chr6|GTPBP2:43591474|GTPBP2:43591532|dup|- 0.6
6:      chr5|GUSBP1:21497305|GUSBP1:21491430|rev|+ 0.7
                                          junction numReads      logsum q_1 q_2
1:     chr10|PTPRE:129876047|PTPRE:129870402|rev|+        1 -15.4447976 0.0 0.0
2:       chr11|AGBL2:47727073|FNBP4:47772842|rev|-        1 -26.3265352 0.0 0.0
3: chr11|DYNC2H1:103327084|DYNC2H1:103228971|rev|+        1  -0.1438876 0.9 0.9
4:            chr11|HBD:5255221|HBE1:5289827|rev|-        1 -26.0296589 0.0 0.0
5:       chr11|LTBP3:65310576|LTBP3:65310695|dup|-        1  -0.9528638 0.4 0.4
6:      chr11|SYTL2:85468668|PICALM:85685855|rev|-        1  -0.4128208 0.7 0.7
             V1
1: 1.960693e-07
2: 3.685794e-12
3: 8.659850e-01
4: 4.959784e-12
5: 3.856350e-01
6: 6.617809e-01
[1] "using threshold of ** below** for p value approximated by "
[1] 5
[1] "exact calculation through sampling 10K p predicted"
[1]  -1.1298364  -2.1037933  -0.1165817  -0.3143230 -14.1164580  -0.1925982
[1]  -1.3094564  -2.3066642  -0.4309055  -0.6161400 -23.9398572  -0.3290637
[1]  -1.4042542  -4.3011006  -0.5474869  -0.7431238 -24.0653719  -0.5062480
[1]  -1.5312379  -4.4808290  -0.8114110  -0.8926697 -24.2432427  -0.6434533
[1]  -1.651130  -4.704803  -0.980366  -1.052081 -24.370226  -1.059174
Warning messages:
1: In (1/(1 + exp(sim.readps))) < p_predicted :
  longer object length is not a multiple of shorter object length
2: In (1/(1 + exp(sim.readps))) < p_predicted :
  longer object length is not a multiple of shorter object length
[1] "junction" "numReads" "logsum"  
[1] "TESTNOW diff"
                                                      junction  V1
1:      chr22:LOC96610:22661610:+|chr10:BMS1:43316382:+|fusion 0.0
2:        chr20:BCAS4:49411710:+|chr17:BCAS3:59445688:+|fusion 0.0
3:    chr16:PKD1:2147869:-|chr16:PKD1P1:16429909:+|strandcross 0.0
4: chr20:ARFGEF2:47538547:+|chr20:SULF2:46365686:-|strandcross 0.4
5:    chr16:VKORC1:31102175:-|chr12:ARHGEF25:58006713:+|fusion 0.0
6:          chr7:POLR2J4:44005466:-|chr7:RASA4:102236231:-|rev 0.3
[1] "TESTNOW diff"
                                                      junction  V1
1:      chr22:LOC96610:22661610:+|chr10:BMS1:43316382:+|fusion 0.1
2:        chr20:BCAS4:49411710:+|chr17:BCAS3:59445688:+|fusion 0.1
3:    chr16:PKD1:2147869:-|chr16:PKD1P1:16429909:+|strandcross 0.1
4: chr20:ARFGEF2:47538547:+|chr20:SULF2:46365686:-|strandcross 0.4
5:    chr16:VKORC1:31102175:-|chr12:ARHGEF25:58006713:+|fusion 0.0
6:          chr7:POLR2J4:44005466:-|chr7:RASA4:102236231:-|rev 0.3
                                                   junction numReads    logsum
1:    chr12:RPLP0:120634503:-|chr21:USP16:30409597:+|fusion        1 -36.04365
2: chr16:PKD1:2147869:-|chr16:PKD1P1:16429909:+|strandcross        3 -15.60577
3: chr16:PKD1:2147869:-|chr16:PKD1P1:16429909:+|strandcross        3 -15.60577
4: chr16:PKD1:2147869:-|chr16:PKD1P1:16429909:+|strandcross        3 -15.60577
5: chr16:PKD1P1:16417146:+|chr16:PKD1:2161872:-|strandcross        1 -24.88180
6: chr16:VKORC1:31102175:-|chr12:ARHGEF25:58006713:+|fusion        1 -26.39467
   q_1 q_2           V1
1:   0 0.0 2.220446e-16
2:   0 0.1 1.268540e-06
3:   0 0.1 1.268540e-06
4:   0 0.1 1.268540e-06
5:   0 0.0 1.563046e-11
6:   0 0.0 3.443022e-12
[1] "using threshold of ** below** for p value approximated by "
[1] 5
[1] "exact calculation through sampling 10K p predicted"
[1] -11.2704548  -0.1188076  -0.3143225  -0.1722096  -0.1255149  -3.4894111
[1] -11.3841718  -0.2870240  -0.5238540  -0.2862406  -0.2610856  -4.1985633
[1] -11.5637920  -0.4464350  -0.8115431  -0.3847560  -0.6051886  -4.4532544
[1] -11.7009967  -0.6390376  -1.0754671  -0.8882045  -0.8691123  -4.7409432
[1] -11.831089  -1.066798  -1.244422  -1.173439  -7.855671  -4.886927
[1] "done with fusion normals, starting anomalies"
[1] "junction" "numReads" "logsum"  
[1] "TESTNOW diff"
                                                        junction  V1
1:        chr17:RAC3:79991475:+|chr17:CD7:80275480:-|strandcross 0.2
2: chr15:HERC2P9:28926989:+|chr15:HERC2P2:23283153:-|strandcross 0.0
3:     chr1:LOC100288069:704877:-|chr1:LOC731275:243255496:-|rev 0.4
4:            chr15:RAD51:40994124:+|chr15:NUSAP1:41663725:+|reg 0.0
5:       chr1:NBPF1:16921087:-|chr1:NBPF3:21793489:+|strandcross 0.0
6:     chr1:CROCCP2:16952270:-|chr1:CROCC:17275294:+|strandcross 0.5
[1] "TESTNOW diff"
                                                        junction  V1
1:        chr17:RAC3:79991475:+|chr17:CD7:80275480:-|strandcross 0.2
2: chr15:HERC2P9:28926989:+|chr15:HERC2P2:23283153:-|strandcross 0.0
3:     chr1:LOC100288069:704877:-|chr1:LOC731275:243255496:-|rev 0.4
4:            chr15:RAD51:40994124:+|chr15:NUSAP1:41663725:+|reg 0.0
5:       chr1:NBPF1:16921087:-|chr1:NBPF3:21793489:+|strandcross 0.1
6:     chr1:CROCCP2:16952270:-|chr1:CROCC:17275294:+|strandcross 0.5
                                                        junction numReads
1:        chr10:BMS1:43312942:+|chr22:LOC96610:22661471:+|fusion        1
2:  chr10:LOC399744:38726134:+|chr1:LOC731275:243242354:-|fusion        1
3:         chr12:RPLP0:120634503:-|chr21:USP16:30409597:+|fusion        1
4: chr15:HERC2P9:28926989:+|chr15:HERC2P2:23283153:-|strandcross        2
5: chr15:HERC2P9:28926989:+|chr15:HERC2P2:23283153:-|strandcross        2
6:            chr15:RAD51:40994124:+|chr15:NUSAP1:41663725:+|reg        1
       logsum q_1 q_2           V1
1:  -4.965014   0   0 6.977856e-03
2:  -4.294190   0   0 1.364762e-02
3: -36.043653   0   0 2.220446e-16
4:  -8.960310   0   0 1.316753e-04
5:  -8.960310   0   0 1.316753e-04
6:  -4.913538   0   0 7.346451e-03
[1] "using threshold of ** below** for p value approximated by "
[1] 5
[1] "exact calculation through sampling 10K p predicted"
[1] -4.9325780 -0.1682177 -0.3064914 -0.1796202 -0.1188078 -0.1689547
[1] -5.0626706 -0.3479467 -0.4763460 -0.4223878 -0.2877630 -2.7937933
[1] -5.2075662 -0.4667546 -0.6080250 -0.5719339 -0.4095341 -2.9094305
[1] -5.3241476 -0.6463748 -6.6818369 -0.7637791 -3.4769828 -6.0555039
[1] -5.4542406 -0.7605878 -6.8174076 -1.0484639 -3.7823116 -6.1855966
[1] "done with fusion anomalies starting indels"
[1] "worked to get FJ predictions"
[1] "CURRENTLY NEED TO JOIN THESE TABLES"
Warning messages:
1: In (1/(1 + exp(sim.readps))) < p_predicted :
  longer object length is not a multiple of shorter object length
2: In (1/(1 + exp(sim.readps))) < p_predicted :
  longer object length is not a multiple of shorter object length
3: In (1/(1 + exp(sim.readps))) < p_predicted :
  longer object length is not a multiple of shorter object length
4: In (1/(1 + exp(sim.readps))) < p_predicted :
  longer object length is not a multiple of shorter object length
5: In (1/(1 + exp(sim.readps))) < p_predicted :
  longer object length is not a multiple of shorter object length
